# JRE version: OpenJDK Runtime Environment (7.0_79-b14) (build 1.7.0_79-b14)
# Java VM: OpenJDK 64-Bit Server VM (24.79-b02 mixed mode linux-amd64 compressed oops)
Heap
 PSYoungGen      total 102912K, used 54294K [0x00000000eaa80000, 0x00000000f2880000, 0x0000000100000000)
  eden space 101376K, 52% used [0x00000000eaa80000,0x00000000ede27cd8,0x00000000f0d80000)
  from space 1536K, 91% used [0x00000000f1080000,0x00000000f11ddba8,0x00000000f1200000)
  to   space 13824K, 0% used [0x00000000f1b00000,0x00000000f1b00000,0x00000000f2880000)
 ParOldGen       total 175104K, used 98142K [0x00000000c0000000, 0x00000000cab00000, 0x00000000eaa80000)
  object space 175104K, 56% used [0x00000000c0000000,0x00000000c5fd7bc0,0x00000000cab00000)
 PSPermGen       total 115200K, used 110308K [0x00000000b0000000, 0x00000000b7080000, 0x00000000c0000000)
  object space 115200K, 95% used [0x00000000b0000000,0x00000000b6bb92c0,0x00000000b7080000)
GC Heap History (10 events):
Event: 23277,402 GC heap before
{Heap before GC invocations=728 (full 145):
 PSYoungGen      total 124416K, used 123958K [0x00000000eaa80000, 0x00000000f4200000, 0x0000000100000000)
  eden space 117248K, 100% used [0x00000000eaa80000,0x00000000f1d00000,0x00000000f1d00000)
  from space 7168K, 93% used [0x00000000f3b00000,0x00000000f418dba8,0x00000000f4200000)
  to   space 15360K, 0% used [0x00000000f2400000,0x00000000f2400000,0x00000000f3300000)
 ParOldGen       total 175104K, used 97352K [0x00000000c0000000, 0x00000000cab00000, 0x00000000eaa80000)
  object space 175104K, 55% used [0x00000000c0000000,0x00000000c5f12010,0x00000000cab00000)
 PSPermGen       total 115200K, used 110297K [0x00000000b0000000, 0x00000000b7080000, 0x00000000c0000000)
  object space 115200K, 95% used [0x00000000b0000000,0x00000000b6bb6748,0x00000000b7080000)
Event: 23277,429 GC heap after
Heap after GC invocations=728 (full 145):
 PSYoungGen      total 115712K, used 1686K [0x00000000eaa80000, 0x00000000f3b80000, 0x0000000100000000)
  eden space 113664K, 0% used [0x00000000eaa80000,0x00000000eaa80000,0x00000000f1980000)
  from space 2048K, 82% used [0x00000000f2400000,0x00000000f25a5ba8,0x00000000f2600000)
  to   space 15360K, 0% used [0x00000000f2c80000,0x00000000f2c80000,0x00000000f3b80000)
 ParOldGen       total 175104K, used 97504K [0x00000000c0000000, 0x00000000cab00000, 0x00000000eaa80000)
  object space 175104K, 55% used [0x00000000c0000000,0x00000000c5f38020,0x00000000cab00000)
 PSPermGen       total 115200K, used 110297K [0x00000000b0000000, 0x00000000b7080000, 0x00000000c0000000)
  object space 115200K, 95% used [0x00000000b0000000,0x00000000b6bb6748,0x00000000b7080000)
}
Event: 23287,034 GC heap before
{Heap before GC invocations=729 (full 145):
 PSYoungGen      total 115712K, used 115350K [0x00000000eaa80000, 0x00000000f3b80000, 0x0000000100000000)
  eden space 113664K, 100% used [0x00000000eaa80000,0x00000000f1980000,0x00000000f1980000)
  from space 2048K, 82% used [0x00000000f2400000,0x00000000f25a5ba8,0x00000000f2600000)
  to   space 15360K, 0% used [0x00000000f2c80000,0x00000000f2c80000,0x00000000f3b80000)
 ParOldGen       total 175104K, used 97504K [0x00000000c0000000, 0x00000000cab00000, 0x00000000eaa80000)
  object space 175104K, 55% used [0x00000000c0000000,0x00000000c5f38020,0x00000000cab00000)
 PSPermGen       total 115200K, used 110297K [0x00000000b0000000, 0x00000000b7080000, 0x00000000c0000000)
  object space 115200K, 95% used [0x00000000b0000000,0x00000000b6bb6748,0x00000000b7080000)
Event: 23287,056 GC heap after
Heap after GC invocations=729 (full 145):
 PSYoungGen      total 116736K, used 5211K [0x00000000eaa80000, 0x00000000f3280000, 0x0000000100000000)
  eden space 110592K, 0% used [0x00000000eaa80000,0x00000000eaa80000,0x00000000f1680000)
  from space 6144K, 84% used [0x00000000f2c80000,0x00000000f3196e60,0x00000000f3280000)
  to   space 14336K, 0% used [0x00000000f1680000,0x00000000f1680000,0x00000000f2480000)
 ParOldGen       total 175104K, used 97822K [0x00000000c0000000, 0x00000000cab00000, 0x00000000eaa80000)
  object space 175104K, 55% used [0x00000000c0000000,0x00000000c5f87bc0,0x00000000cab00000)
 PSPermGen       total 115200K, used 110297K [0x00000000b0000000, 0x00000000b7080000, 0x00000000c0000000)
  object space 115200K, 95% used [0x00000000b0000000,0x00000000b6bb6748,0x00000000b7080000)
}
Event: 23296,362 GC heap before
{Heap before GC invocations=730 (full 145):
 PSYoungGen      total 116736K, used 115803K [0x00000000eaa80000, 0x00000000f3280000, 0x0000000100000000)
  eden space 110592K, 100% used [0x00000000eaa80000,0x00000000f1680000,0x00000000f1680000)
  from space 6144K, 84% used [0x00000000f2c80000,0x00000000f3196e60,0x00000000f3280000)
  to   space 14336K, 0% used [0x00000000f1680000,0x00000000f1680000,0x00000000f2480000)
 ParOldGen       total 175104K, used 97822K [0x00000000c0000000, 0x00000000cab00000, 0x00000000eaa80000)
  object space 175104K, 55% used [0x00000000c0000000,0x00000000c5f87bc0,0x00000000cab00000)
 PSPermGen       total 115200K, used 110299K [0x00000000b0000000, 0x00000000b7080000, 0x00000000c0000000)
  object space 115200K, 95% used [0x00000000b0000000,0x00000000b6bb6c38,0x00000000b7080000)
Event: 23296,390 GC heap after
Heap after GC invocations=730 (full 145):
 PSYoungGen      total 114688K, used 6765K [0x00000000eaa80000, 0x00000000f2f80000, 0x0000000100000000)
  eden space 107520K, 0% used [0x00000000eaa80000,0x00000000eaa80000,0x00000000f1380000)
  from space 7168K, 94% used [0x00000000f1680000,0x00000000f1d1b790,0x00000000f1d80000)
  to   space 14336K, 0% used [0x00000000f2180000,0x00000000f2180000,0x00000000f2f80000)
 ParOldGen       total 175104K, used 97862K [0x00000000c0000000, 0x00000000cab00000, 0x00000000eaa80000)
  object space 175104K, 55% used [0x00000000c0000000,0x00000000c5f91bc0,0x00000000cab00000)
 PSPermGen       total 115200K, used 110299K [0x00000000b0000000, 0x00000000b7080000, 0x00000000c0000000)
  object space 115200K, 95% used [0x00000000b0000000,0x00000000b6bb6c38,0x00000000b7080000)
}
Event: 23308,812 GC heap before
{Heap before GC invocations=731 (full 145):
 PSYoungGen      total 114688K, used 114285K [0x00000000eaa80000, 0x00000000f2f80000, 0x0000000100000000)
  eden space 107520K, 100% used [0x00000000eaa80000,0x00000000f1380000,0x00000000f1380000)
  from space 7168K, 94% used [0x00000000f1680000,0x00000000f1d1b790,0x00000000f1d80000)
  to   space 14336K, 0% used [0x00000000f2180000,0x00000000f2180000,0x00000000f2f80000)
 ParOldGen       total 175104K, used 97862K [0x00000000c0000000, 0x00000000cab00000, 0x00000000eaa80000)
  object space 175104K, 55% used [0x00000000c0000000,0x00000000c5f91bc0,0x00000000cab00000)
 PSPermGen       total 115200K, used 110301K [0x00000000b0000000, 0x00000000b7080000, 0x00000000c0000000)
  object space 115200K, 95% used [0x00000000b0000000,0x00000000b6bb7718,0x00000000b7080000)
Event: 23308,844 GC heap after
Heap after GC invocations=731 (full 145):
 PSYoungGen      total 114688K, used 6614K [0x00000000eaa80000, 0x00000000f2b80000, 0x0000000100000000)
  eden space 104448K, 0% used [0x00000000eaa80000,0x00000000eaa80000,0x00000000f1080000)
  from space 10240K, 64% used [0x00000000f2180000,0x00000000f27f5ba8,0x00000000f2b80000)
  to   space 13824K, 0% used [0x00000000f1080000,0x00000000f1080000,0x00000000f1e00000)
 ParOldGen       total 175104K, used 97902K [0x00000000c0000000, 0x00000000cab00000, 0x00000000eaa80000)
  object space 175104K, 55% used [0x00000000c0000000,0x00000000c5f9bbc0,0x00000000cab00000)
 PSPermGen       total 115200K, used 110301K [0x00000000b0000000, 0x00000000b7080000, 0x00000000c0000000)
  object space 115200K, 95% used [0x00000000b0000000,0x00000000b6bb7718,0x00000000b7080000)
}
Event: 23322,383 GC heap before
{Heap before GC invocations=732 (full 145):
 PSYoungGen      total 114688K, used 111062K [0x00000000eaa80000, 0x00000000f2b80000, 0x0000000100000000)
  eden space 104448K, 100% used [0x00000000eaa80000,0x00000000f1080000,0x00000000f1080000)
  from space 10240K, 64% used [0x00000000f2180000,0x00000000f27f5ba8,0x00000000f2b80000)
  to   space 13824K, 0% used [0x00000000f1080000,0x00000000f1080000,0x00000000f1e00000)
 ParOldGen       total 175104K, used 97902K [0x00000000c0000000, 0x00000000cab00000, 0x00000000eaa80000)
  object space 175104K, 55% used [0x00000000c0000000,0x00000000c5f9bbc0,0x00000000cab00000)
 PSPermGen       total 115200K, used 110304K [0x00000000b0000000, 0x00000000b7080000, 0x00000000c0000000)
  object space 115200K, 95% used [0x00000000b0000000,0x00000000b6bb8308,0x00000000b7080000)
Event: 23322,405 GC heap after
Heap after GC invocations=732 (full 145):
 PSYoungGen      total 102912K, used 1398K [0x00000000eaa80000, 0x00000000f2880000, 0x0000000100000000)
  eden space 101376K, 0% used [0x00000000eaa80000,0x00000000eaa80000,0x00000000f0d80000)
  from space 1536K, 91% used [0x00000000f1080000,0x00000000f11ddba8,0x00000000f1200000)
  to   space 13824K, 0% used [0x00000000f1b00000,0x00000000f1b00000,0x00000000f2880000)
 ParOldGen       total 175104K, used 98142K [0x00000000c0000000, 0x00000000cab00000, 0x00000000eaa80000)
  object space 175104K, 56% used [0x00000000c0000000,0x00000000c5fd7bc0,0x00000000cab00000)
 PSPermGen       total 115200K, used 110304K [0x00000000b0000000, 0x00000000b7080000, 0x00000000c0000000)
  object space 115200K, 95% used [0x00000000b0000000,0x00000000b6bb8308,0x00000000b7080000)
}

