# JRE version: OpenJDK Runtime Environment (7.0_79-b14) (build 1.7.0_79-b14)
# Java VM: OpenJDK 64-Bit Server VM (24.79-b02 mixed mode linux-amd64 compressed oops)
Heap
 PSYoungGen      total 274944K, used 7561K [0x00000000eaa80000, 0x00000000fc180000, 0x0000000100000000)
  eden space 264192K, 2% used [0x00000000eaa80000,0x00000000eb1e2500,0x00000000fac80000)
  from space 10752K, 0% used [0x00000000fac80000,0x00000000fac80000,0x00000000fb700000)
  to   space 10752K, 0% used [0x00000000fb700000,0x00000000fb700000,0x00000000fc180000)
 ParOldGen       total 175104K, used 110397K [0x00000000c0000000, 0x00000000cab00000, 0x00000000eaa80000)
  object space 175104K, 63% used [0x00000000c0000000,0x00000000c6bcf790,0x00000000cab00000)
 PSPermGen       total 165888K, used 83395K [0x00000000b0000000, 0x00000000ba200000, 0x00000000c0000000)
  object space 165888K, 50% used [0x00000000b0000000,0x00000000b5170ed0,0x00000000ba200000)
GC Heap History (10 events):
Event: 11,286 GC heap before
{Heap before GC invocations=2 (full 0):
 PSYoungGen      total 76800K, used 76768K [0x00000000eaa80000, 0x00000000f4080000, 0x0000000100000000)
  eden space 66048K, 100% used [0x00000000eaa80000,0x00000000eeb00000,0x00000000eeb00000)
  from space 10752K, 99% used [0x00000000eeb00000,0x00000000ef578070,0x00000000ef580000)
  to   space 10752K, 0% used [0x00000000f3600000,0x00000000f3600000,0x00000000f4080000)
 ParOldGen       total 175104K, used 7695K [0x00000000c0000000, 0x00000000cab00000, 0x00000000eaa80000)
  object space 175104K, 4% used [0x00000000c0000000,0x00000000c0783d08,0x00000000cab00000)
 PSPermGen       total 34816K, used 34354K [0x00000000b0000000, 0x00000000b2200000, 0x00000000c0000000)
  object space 34816K, 98% used [0x00000000b0000000,0x00000000b218ca78,0x00000000b2200000)
Event: 11,399 GC heap after
Heap after GC invocations=2 (full 0):
 PSYoungGen      total 142848K, used 10736K [0x00000000eaa80000, 0x00000000f4080000, 0x0000000100000000)
  eden space 132096K, 0% used [0x00000000eaa80000,0x00000000eaa80000,0x00000000f2b80000)
  from space 10752K, 99% used [0x00000000f3600000,0x00000000f407c060,0x00000000f4080000)
  to   space 10752K, 0% used [0x00000000f2b80000,0x00000000f2b80000,0x00000000f3600000)
 ParOldGen       total 175104K, used 31930K [0x00000000c0000000, 0x00000000cab00000, 0x00000000eaa80000)
  object space 175104K, 18% used [0x00000000c0000000,0x00000000c1f2eaa8,0x00000000cab00000)
 PSPermGen       total 34816K, used 34354K [0x00000000b0000000, 0x00000000b2200000, 0x00000000c0000000)
  object space 34816K, 98% used [0x00000000b0000000,0x00000000b218ca78,0x00000000b2200000)
}
Event: 21,278 GC heap before
{Heap before GC invocations=3 (full 0):
 PSYoungGen      total 142848K, used 142832K [0x00000000eaa80000, 0x00000000f4080000, 0x0000000100000000)
  eden space 132096K, 100% used [0x00000000eaa80000,0x00000000f2b80000,0x00000000f2b80000)
  from space 10752K, 99% used [0x00000000f3600000,0x00000000f407c060,0x00000000f4080000)
  to   space 10752K, 0% used [0x00000000f2b80000,0x00000000f2b80000,0x00000000f3600000)
 ParOldGen       total 175104K, used 31930K [0x00000000c0000000, 0x00000000cab00000, 0x00000000eaa80000)
  object space 175104K, 18% used [0x00000000c0000000,0x00000000c1f2eaa8,0x00000000cab00000)
 PSPermGen       total 55808K, used 55590K [0x00000000b0000000, 0x00000000b3680000, 0x00000000c0000000)
  object space 55808K, 99% used [0x00000000b0000000,0x00000000b3649888,0x00000000b3680000)
Event: 21,422 GC heap after
Heap after GC invocations=3 (full 0):
 PSYoungGen      total 142848K, used 10741K [0x00000000eaa80000, 0x00000000fc180000, 0x0000000100000000)
  eden space 132096K, 0% used [0x00000000eaa80000,0x00000000eaa80000,0x00000000f2b80000)
  from space 10752K, 99% used [0x00000000f2b80000,0x00000000f35fd770,0x00000000f3600000)
  to   space 10752K, 0% used [0x00000000fb700000,0x00000000fb700000,0x00000000fc180000)
 ParOldGen       total 175104K, used 62829K [0x00000000c0000000, 0x00000000cab00000, 0x00000000eaa80000)
  object space 175104K, 35% used [0x00000000c0000000,0x00000000c3d5b5f8,0x00000000cab00000)
 PSPermGen       total 55808K, used 55590K [0x00000000b0000000, 0x00000000b3680000, 0x00000000c0000000)
  object space 55808K, 99% used [0x00000000b0000000,0x00000000b3649888,0x00000000b3680000)
}
Event: 30,855 GC heap before
{Heap before GC invocations=4 (full 0):
 PSYoungGen      total 142848K, used 142837K [0x00000000eaa80000, 0x00000000fc180000, 0x0000000100000000)
  eden space 132096K, 100% used [0x00000000eaa80000,0x00000000f2b80000,0x00000000f2b80000)
  from space 10752K, 99% used [0x00000000f2b80000,0x00000000f35fd770,0x00000000f3600000)
  to   space 10752K, 0% used [0x00000000fb700000,0x00000000fb700000,0x00000000fc180000)
 ParOldGen       total 175104K, used 62883K [0x00000000c0000000, 0x00000000cab00000, 0x00000000eaa80000)
  object space 175104K, 35% used [0x00000000c0000000,0x00000000c3d68c50,0x00000000cab00000)
 PSPermGen       total 76288K, used 75785K [0x00000000b0000000, 0x00000000b4a80000, 0x00000000c0000000)
  object space 76288K, 99% used [0x00000000b0000000,0x00000000b4a02670,0x00000000b4a80000)
Event: 31,104 GC heap after
Heap after GC invocations=4 (full 0):
 PSYoungGen      total 274944K, used 10749K [0x00000000eaa80000, 0x00000000fc180000, 0x0000000100000000)
  eden space 264192K, 0% used [0x00000000eaa80000,0x00000000eaa80000,0x00000000fac80000)
  from space 10752K, 99% used [0x00000000fb700000,0x00000000fc17f530,0x00000000fc180000)
  to   space 10752K, 0% used [0x00000000fac80000,0x00000000fac80000,0x00000000fb700000)
 ParOldGen       total 175104K, used 101189K [0x00000000c0000000, 0x00000000cab00000, 0x00000000eaa80000)
  object space 175104K, 57% used [0x00000000c0000000,0x00000000c62d1488,0x00000000cab00000)
 PSPermGen       total 76288K, used 75785K [0x00000000b0000000, 0x00000000b4a80000, 0x00000000c0000000)
  object space 76288K, 99% used [0x00000000b0000000,0x00000000b4a02670,0x00000000b4a80000)
}
Event: 75,462 GC heap before
{Heap before GC invocations=5 (full 0):
 PSYoungGen      total 274944K, used 116900K [0x00000000eaa80000, 0x00000000fc180000, 0x0000000100000000)
  eden space 264192K, 40% used [0x00000000eaa80000,0x00000000f1229e98,0x00000000fac80000)
  from space 10752K, 99% used [0x00000000fb700000,0x00000000fc17f530,0x00000000fc180000)
  to   space 10752K, 0% used [0x00000000fac80000,0x00000000fac80000,0x00000000fb700000)
 ParOldGen       total 175104K, used 101189K [0x00000000c0000000, 0x00000000cab00000, 0x00000000eaa80000)
  object space 175104K, 57% used [0x00000000c0000000,0x00000000c62d1488,0x00000000cab00000)
 PSPermGen       total 82944K, used 82739K [0x00000000b0000000, 0x00000000b5100000, 0x00000000c0000000)
  object space 82944K, 99% used [0x00000000b0000000,0x00000000b50cce20,0x00000000b5100000)
Event: 75,613 GC heap after
Heap after GC invocations=5 (full 0):
 PSYoungGen      total 274944K, used 10747K [0x00000000eaa80000, 0x00000000fc180000, 0x0000000100000000)
  eden space 264192K, 0% used [0x00000000eaa80000,0x00000000eaa80000,0x00000000fac80000)
  from space 10752K, 99% used [0x00000000fac80000,0x00000000fb6fee98,0x00000000fb700000)
  to   space 10752K, 0% used [0x00000000fb700000,0x00000000fb700000,0x00000000fc180000)
 ParOldGen       total 175104K, used 118547K [0x00000000c0000000, 0x00000000cab00000, 0x00000000eaa80000)
  object space 175104K, 67% used [0x00000000c0000000,0x00000000c73c4d10,0x00000000cab00000)
 PSPermGen       total 82944K, used 82739K [0x00000000b0000000, 0x00000000b5100000, 0x00000000c0000000)
  object space 82944K, 99% used [0x00000000b0000000,0x00000000b50cce20,0x00000000b5100000)
}
Event: 75,613 GC heap before
{Heap before GC invocations=6 (full 1):
 PSYoungGen      total 274944K, used 10747K [0x00000000eaa80000, 0x00000000fc180000, 0x0000000100000000)
  eden space 264192K, 0% used [0x00000000eaa80000,0x00000000eaa80000,0x00000000fac80000)
  from space 10752K, 99% used [0x00000000fac80000,0x00000000fb6fee98,0x00000000fb700000)
  to   space 10752K, 0% used [0x00000000fb700000,0x00000000fb700000,0x00000000fc180000)
 ParOldGen       total 175104K, used 118547K [0x00000000c0000000, 0x00000000cab00000, 0x00000000eaa80000)
  object space 175104K, 67% used [0x00000000c0000000,0x00000000c73c4d10,0x00000000cab00000)
 PSPermGen       total 82944K, used 82739K [0x00000000b0000000, 0x00000000b5100000, 0x00000000c0000000)
  object space 82944K, 99% used [0x00000000b0000000,0x00000000b50cce20,0x00000000b5100000)
Event: 76,672 GC heap after
Heap after GC invocations=6 (full 1):
 PSYoungGen      total 274944K, used 0K [0x00000000eaa80000, 0x00000000fc180000, 0x0000000100000000)
  eden space 264192K, 0% used [0x00000000eaa80000,0x00000000eaa80000,0x00000000fac80000)
  from space 10752K, 0% used [0x00000000fac80000,0x00000000fac80000,0x00000000fb700000)
  to   space 10752K, 0% used [0x00000000fb700000,0x00000000fb700000,0x00000000fc180000)
 ParOldGen       total 175104K, used 110397K [0x00000000c0000000, 0x00000000cab00000, 0x00000000eaa80000)
  object space 175104K, 63% used [0x00000000c0000000,0x00000000c6bcf790,0x00000000cab00000)
 PSPermGen       total 165888K, used 82680K [0x00000000b0000000, 0x00000000ba200000, 0x00000000c0000000)
  object space 165888K, 49% used [0x00000000b0000000,0x00000000b50be250,0x00000000ba200000)
}

