# JRE version: OpenJDK Runtime Environment (7.0_79-b14) (build 1.7.0_79-b14)
# Java VM: OpenJDK 64-Bit Server VM (24.79-b02 mixed mode linux-amd64 compressed oops)
Heap
 PSYoungGen      total 274944K, used 62528K [0x00000000eaa80000, 0x00000000fc180000, 0x0000000100000000)
  eden space 264192K, 23% used [0x00000000eaa80000,0x00000000ee790040,0x00000000fac80000)
  from space 10752K, 0% used [0x00000000fac80000,0x00000000fac80000,0x00000000fb700000)
  to   space 10752K, 0% used [0x00000000fb700000,0x00000000fb700000,0x00000000fc180000)
 ParOldGen       total 175104K, used 108409K [0x00000000c0000000, 0x00000000cab00000, 0x00000000eaa80000)
  object space 175104K, 61% used [0x00000000c0000000,0x00000000c69de4b8,0x00000000cab00000)
 PSPermGen       total 163328K, used 83586K [0x00000000b0000000, 0x00000000b9f80000, 0x00000000c0000000)
  object space 163328K, 51% used [0x00000000b0000000,0x00000000b51a0820,0x00000000b9f80000)
GC Heap History (10 events):
Event: 14,392 GC heap before
{Heap before GC invocations=2 (full 0):
 PSYoungGen      total 76800K, used 76768K [0x00000000eaa80000, 0x00000000f4080000, 0x0000000100000000)
  eden space 66048K, 100% used [0x00000000eaa80000,0x00000000eeb00000,0x00000000eeb00000)
  from space 10752K, 99% used [0x00000000eeb00000,0x00000000ef578070,0x00000000ef580000)
  to   space 10752K, 0% used [0x00000000f3600000,0x00000000f3600000,0x00000000f4080000)
 ParOldGen       total 175104K, used 6656K [0x00000000c0000000, 0x00000000cab00000, 0x00000000eaa80000)
  object space 175104K, 3% used [0x00000000c0000000,0x00000000c0680030,0x00000000cab00000)
 PSPermGen       total 34304K, used 34181K [0x00000000b0000000, 0x00000000b2180000, 0x00000000c0000000)
  object space 34304K, 99% used [0x00000000b0000000,0x00000000b2161508,0x00000000b2180000)
Event: 14,502 GC heap after
Heap after GC invocations=2 (full 0):
 PSYoungGen      total 142848K, used 10720K [0x00000000eaa80000, 0x00000000f4080000, 0x0000000100000000)
  eden space 132096K, 0% used [0x00000000eaa80000,0x00000000eaa80000,0x00000000f2b80000)
  from space 10752K, 99% used [0x00000000f3600000,0x00000000f40780d0,0x00000000f4080000)
  to   space 10752K, 0% used [0x00000000f2b80000,0x00000000f2b80000,0x00000000f3600000)
 ParOldGen       total 175104K, used 31269K [0x00000000c0000000, 0x00000000cab00000, 0x00000000eaa80000)
  object space 175104K, 17% used [0x00000000c0000000,0x00000000c1e89468,0x00000000cab00000)
 PSPermGen       total 34304K, used 34181K [0x00000000b0000000, 0x00000000b2180000, 0x00000000c0000000)
  object space 34304K, 99% used [0x00000000b0000000,0x00000000b2161508,0x00000000b2180000)
}
Event: 23,275 GC heap before
{Heap before GC invocations=3 (full 0):
 PSYoungGen      total 142848K, used 142816K [0x00000000eaa80000, 0x00000000f4080000, 0x0000000100000000)
  eden space 132096K, 100% used [0x00000000eaa80000,0x00000000f2b80000,0x00000000f2b80000)
  from space 10752K, 99% used [0x00000000f3600000,0x00000000f40780d0,0x00000000f4080000)
  to   space 10752K, 0% used [0x00000000f2b80000,0x00000000f2b80000,0x00000000f3600000)
 ParOldGen       total 175104K, used 31269K [0x00000000c0000000, 0x00000000cab00000, 0x00000000eaa80000)
  object space 175104K, 17% used [0x00000000c0000000,0x00000000c1e89468,0x00000000cab00000)
 PSPermGen       total 55808K, used 55785K [0x00000000b0000000, 0x00000000b3680000, 0x00000000c0000000)
  object space 55808K, 99% used [0x00000000b0000000,0x00000000b367a560,0x00000000b3680000)
Event: 23,407 GC heap after
Heap after GC invocations=3 (full 0):
 PSYoungGen      total 142848K, used 10737K [0x00000000eaa80000, 0x00000000fc180000, 0x0000000100000000)
  eden space 132096K, 0% used [0x00000000eaa80000,0x00000000eaa80000,0x00000000f2b80000)
  from space 10752K, 99% used [0x00000000f2b80000,0x00000000f35fc450,0x00000000f3600000)
  to   space 10752K, 0% used [0x00000000fb700000,0x00000000fb700000,0x00000000fc180000)
 ParOldGen       total 175104K, used 63221K [0x00000000c0000000, 0x00000000cab00000, 0x00000000eaa80000)
  object space 175104K, 36% used [0x00000000c0000000,0x00000000c3dbd788,0x00000000cab00000)
 PSPermGen       total 55808K, used 55785K [0x00000000b0000000, 0x00000000b3680000, 0x00000000c0000000)
  object space 55808K, 99% used [0x00000000b0000000,0x00000000b367a560,0x00000000b3680000)
}
Event: 30,258 GC heap before
{Heap before GC invocations=4 (full 0):
 PSYoungGen      total 142848K, used 142819K [0x00000000eaa80000, 0x00000000fc180000, 0x0000000100000000)
  eden space 132096K, 99% used [0x00000000eaa80000,0x00000000f2b7cae0,0x00000000f2b80000)
  from space 10752K, 99% used [0x00000000f2b80000,0x00000000f35fc450,0x00000000f3600000)
  to   space 10752K, 0% used [0x00000000fb700000,0x00000000fb700000,0x00000000fc180000)
 ParOldGen       total 175104K, used 63221K [0x00000000c0000000, 0x00000000cab00000, 0x00000000eaa80000)
  object space 175104K, 36% used [0x00000000c0000000,0x00000000c3dbd788,0x00000000cab00000)
 PSPermGen       total 73216K, used 73155K [0x00000000b0000000, 0x00000000b4780000, 0x00000000c0000000)
  object space 73216K, 99% used [0x00000000b0000000,0x00000000b4770d90,0x00000000b4780000)
Event: 30,442 GC heap after
Heap after GC invocations=4 (full 0):
 PSYoungGen      total 274944K, used 10728K [0x00000000eaa80000, 0x00000000fc180000, 0x0000000100000000)
  eden space 264192K, 0% used [0x00000000eaa80000,0x00000000eaa80000,0x00000000fac80000)
  from space 10752K, 99% used [0x00000000fb700000,0x00000000fc17a018,0x00000000fc180000)
  to   space 10752K, 0% used [0x00000000fac80000,0x00000000fac80000,0x00000000fb700000)
 ParOldGen       total 175104K, used 99620K [0x00000000c0000000, 0x00000000cab00000, 0x00000000eaa80000)
  object space 175104K, 56% used [0x00000000c0000000,0x00000000c61491f8,0x00000000cab00000)
 PSPermGen       total 73216K, used 73155K [0x00000000b0000000, 0x00000000b4780000, 0x00000000c0000000)
  object space 73216K, 99% used [0x00000000b0000000,0x00000000b4770d90,0x00000000b4780000)
}
Event: 75,950 GC heap before
{Heap before GC invocations=5 (full 0):
 PSYoungGen      total 274944K, used 87839K [0x00000000eaa80000, 0x00000000fc180000, 0x0000000100000000)
  eden space 264192K, 29% used [0x00000000eaa80000,0x00000000ef5cddd0,0x00000000fac80000)
  from space 10752K, 99% used [0x00000000fb700000,0x00000000fc17a018,0x00000000fc180000)
  to   space 10752K, 0% used [0x00000000fac80000,0x00000000fac80000,0x00000000fb700000)
 ParOldGen       total 175104K, used 99620K [0x00000000c0000000, 0x00000000cab00000, 0x00000000eaa80000)
  object space 175104K, 56% used [0x00000000c0000000,0x00000000c61491f8,0x00000000cab00000)
 PSPermGen       total 81920K, used 81496K [0x00000000b0000000, 0x00000000b5000000, 0x00000000c0000000)
  object space 81920K, 99% used [0x00000000b0000000,0x00000000b4f963a0,0x00000000b5000000)
Event: 76,163 GC heap after
Heap after GC invocations=5 (full 0):
 PSYoungGen      total 274944K, used 10751K [0x00000000eaa80000, 0x00000000fc180000, 0x0000000100000000)
  eden space 264192K, 0% used [0x00000000eaa80000,0x00000000eaa80000,0x00000000fac80000)
  from space 10752K, 99% used [0x00000000fac80000,0x00000000fb6ffd88,0x00000000fb700000)
  to   space 10752K, 0% used [0x00000000fb700000,0x00000000fb700000,0x00000000fc180000)
 ParOldGen       total 175104K, used 116597K [0x00000000c0000000, 0x00000000cab00000, 0x00000000eaa80000)
  object space 175104K, 66% used [0x00000000c0000000,0x00000000c71dd5f0,0x00000000cab00000)
 PSPermGen       total 81920K, used 81496K [0x00000000b0000000, 0x00000000b5000000, 0x00000000c0000000)
  object space 81920K, 99% used [0x00000000b0000000,0x00000000b4f963a0,0x00000000b5000000)
}
Event: 76,163 GC heap before
{Heap before GC invocations=6 (full 1):
 PSYoungGen      total 274944K, used 10751K [0x00000000eaa80000, 0x00000000fc180000, 0x0000000100000000)
  eden space 264192K, 0% used [0x00000000eaa80000,0x00000000eaa80000,0x00000000fac80000)
  from space 10752K, 99% used [0x00000000fac80000,0x00000000fb6ffd88,0x00000000fb700000)
  to   space 10752K, 0% used [0x00000000fb700000,0x00000000fb700000,0x00000000fc180000)
 ParOldGen       total 175104K, used 116597K [0x00000000c0000000, 0x00000000cab00000, 0x00000000eaa80000)
  object space 175104K, 66% used [0x00000000c0000000,0x00000000c71dd5f0,0x00000000cab00000)
 PSPermGen       total 81920K, used 81496K [0x00000000b0000000, 0x00000000b5000000, 0x00000000c0000000)
  object space 81920K, 99% used [0x00000000b0000000,0x00000000b4f963a0,0x00000000b5000000)
Event: 77,347 GC heap after
Heap after GC invocations=6 (full 1):
 PSYoungGen      total 274944K, used 0K [0x00000000eaa80000, 0x00000000fc180000, 0x0000000100000000)
  eden space 264192K, 0% used [0x00000000eaa80000,0x00000000eaa80000,0x00000000fac80000)
  from space 10752K, 0% used [0x00000000fac80000,0x00000000fac80000,0x00000000fb700000)
  to   space 10752K, 0% used [0x00000000fb700000,0x00000000fb700000,0x00000000fc180000)
 ParOldGen       total 175104K, used 108409K [0x00000000c0000000, 0x00000000cab00000, 0x00000000eaa80000)
  object space 175104K, 61% used [0x00000000c0000000,0x00000000c69de4b8,0x00000000cab00000)
 PSPermGen       total 163328K, used 81438K [0x00000000b0000000, 0x00000000b9f80000, 0x00000000c0000000)
  object space 163328K, 49% used [0x00000000b0000000,0x00000000b4f879d8,0x00000000b9f80000)
}

