# JRE version: OpenJDK Runtime Environment (7.0_79-b14) (build 1.7.0_79-b14)
# Java VM: OpenJDK 64-Bit Server VM (24.79-b02 mixed mode linux-amd64 compressed oops)
Heap
 PSYoungGen      total 274944K, used 133005K [0x00000000eaa80000, 0x00000000fc180000, 0x0000000100000000)
  eden space 264192K, 46% used [0x00000000eaa80000,0x00000000f21e7148,0x00000000fac80000)
  from space 10752K, 99% used [0x00000000fb700000,0x00000000fc17c3b8,0x00000000fc180000)
  to   space 10752K, 0% used [0x00000000fac80000,0x00000000fac80000,0x00000000fb700000)
 ParOldGen       total 175104K, used 99414K [0x00000000c0000000, 0x00000000cab00000, 0x00000000eaa80000)
  object space 175104K, 56% used [0x00000000c0000000,0x00000000c6115a80,0x00000000cab00000)
 PSPermGen       total 84992K, used 84826K [0x00000000b0000000, 0x00000000b5300000, 0x00000000c0000000)
  object space 84992K, 99% used [0x00000000b0000000,0x00000000b52d6a18,0x00000000b5300000)
GC Heap History (8 events):
Event: 3,873 GC heap before
{Heap before GC invocations=1 (full 0):
 PSYoungGen      total 76800K, used 66048K [0x00000000eaa80000, 0x00000000f0000000, 0x0000000100000000)
  eden space 66048K, 100% used [0x00000000eaa80000,0x00000000eeb00000,0x00000000eeb00000)
  from space 10752K, 0% used [0x00000000ef580000,0x00000000ef580000,0x00000000f0000000)
  to   space 10752K, 0% used [0x00000000eeb00000,0x00000000eeb00000,0x00000000ef580000)
 ParOldGen       total 175104K, used 0K [0x00000000c0000000, 0x00000000cab00000, 0x00000000eaa80000)
  object space 175104K, 0% used [0x00000000c0000000,0x00000000c0000000,0x00000000cab00000)
 PSPermGen       total 21504K, used 13434K [0x00000000b0000000, 0x00000000b1500000, 0x00000000c0000000)
  object space 21504K, 62% used [0x00000000b0000000,0x00000000b0d1ea58,0x00000000b1500000)
Event: 3,931 GC heap after
Heap after GC invocations=1 (full 0):
 PSYoungGen      total 76800K, used 10720K [0x00000000eaa80000, 0x00000000f4080000, 0x0000000100000000)
  eden space 66048K, 0% used [0x00000000eaa80000,0x00000000eaa80000,0x00000000eeb00000)
  from space 10752K, 99% used [0x00000000eeb00000,0x00000000ef578070,0x00000000ef580000)
  to   space 10752K, 0% used [0x00000000f3600000,0x00000000f3600000,0x00000000f4080000)
 ParOldGen       total 175104K, used 6587K [0x00000000c0000000, 0x00000000cab00000, 0x00000000eaa80000)
  object space 175104K, 3% used [0x00000000c0000000,0x00000000c066ecf0,0x00000000cab00000)
 PSPermGen       total 21504K, used 13434K [0x00000000b0000000, 0x00000000b1500000, 0x00000000c0000000)
  object space 21504K, 62% used [0x00000000b0000000,0x00000000b0d1ea58,0x00000000b1500000)
}
Event: 10,439 GC heap before
{Heap before GC invocations=2 (full 0):
 PSYoungGen      total 76800K, used 76768K [0x00000000eaa80000, 0x00000000f4080000, 0x0000000100000000)
  eden space 66048K, 100% used [0x00000000eaa80000,0x00000000eeb00000,0x00000000eeb00000)
  from space 10752K, 99% used [0x00000000eeb00000,0x00000000ef578070,0x00000000ef580000)
  to   space 10752K, 0% used [0x00000000f3600000,0x00000000f3600000,0x00000000f4080000)
 ParOldGen       total 175104K, used 6587K [0x00000000c0000000, 0x00000000cab00000, 0x00000000eaa80000)
  object space 175104K, 3% used [0x00000000c0000000,0x00000000c066ecf0,0x00000000cab00000)
 PSPermGen       total 34304K, used 34165K [0x00000000b0000000, 0x00000000b2180000, 0x00000000c0000000)
  object space 34304K, 99% used [0x00000000b0000000,0x00000000b215d640,0x00000000b2180000)
Event: 10,605 GC heap after
Heap after GC invocations=2 (full 0):
 PSYoungGen      total 142848K, used 10736K [0x00000000eaa80000, 0x00000000f4080000, 0x0000000100000000)
  eden space 132096K, 0% used [0x00000000eaa80000,0x00000000eaa80000,0x00000000f2b80000)
  from space 10752K, 99% used [0x00000000f3600000,0x00000000f407c0b0,0x00000000f4080000)
  to   space 10752K, 0% used [0x00000000f2b80000,0x00000000f2b80000,0x00000000f3600000)
 ParOldGen       total 175104K, used 31203K [0x00000000c0000000, 0x00000000cab00000, 0x00000000eaa80000)
  object space 175104K, 17% used [0x00000000c0000000,0x00000000c1e78db8,0x00000000cab00000)
 PSPermGen       total 34304K, used 34165K [0x00000000b0000000, 0x00000000b2180000, 0x00000000c0000000)
  object space 34304K, 99% used [0x00000000b0000000,0x00000000b215d640,0x00000000b2180000)
}
Event: 20,475 GC heap before
{Heap before GC invocations=3 (full 0):
 PSYoungGen      total 142848K, used 142832K [0x00000000eaa80000, 0x00000000f4080000, 0x0000000100000000)
  eden space 132096K, 100% used [0x00000000eaa80000,0x00000000f2b80000,0x00000000f2b80000)
  from space 10752K, 99% used [0x00000000f3600000,0x00000000f407c0b0,0x00000000f4080000)
  to   space 10752K, 0% used [0x00000000f2b80000,0x00000000f2b80000,0x00000000f3600000)
 ParOldGen       total 175104K, used 31203K [0x00000000c0000000, 0x00000000cab00000, 0x00000000eaa80000)
  object space 175104K, 17% used [0x00000000c0000000,0x00000000c1e78db8,0x00000000cab00000)
 PSPermGen       total 55296K, used 55168K [0x00000000b0000000, 0x00000000b3600000, 0x00000000c0000000)
  object space 55296K, 99% used [0x00000000b0000000,0x00000000b35e0168,0x00000000b3600000)
Event: 20,649 GC heap after
Heap after GC invocations=3 (full 0):
 PSYoungGen      total 142848K, used 10734K [0x00000000eaa80000, 0x00000000fc180000, 0x0000000100000000)
  eden space 132096K, 0% used [0x00000000eaa80000,0x00000000eaa80000,0x00000000f2b80000)
  from space 10752K, 99% used [0x00000000f2b80000,0x00000000f35fbb20,0x00000000f3600000)
  to   space 10752K, 0% used [0x00000000fb700000,0x00000000fb700000,0x00000000fc180000)
 ParOldGen       total 175104K, used 62125K [0x00000000c0000000, 0x00000000cab00000, 0x00000000eaa80000)
  object space 175104K, 35% used [0x00000000c0000000,0x00000000c3cab7d0,0x00000000cab00000)
 PSPermGen       total 55296K, used 55168K [0x00000000b0000000, 0x00000000b3600000, 0x00000000c0000000)
  object space 55296K, 99% used [0x00000000b0000000,0x00000000b35e0168,0x00000000b3600000)
}
Event: 30,061 GC heap before
{Heap before GC invocations=4 (full 0):
 PSYoungGen      total 142848K, used 142830K [0x00000000eaa80000, 0x00000000fc180000, 0x0000000100000000)
  eden space 132096K, 100% used [0x00000000eaa80000,0x00000000f2b80000,0x00000000f2b80000)
  from space 10752K, 99% used [0x00000000f2b80000,0x00000000f35fbb20,0x00000000f3600000)
  to   space 10752K, 0% used [0x00000000fb700000,0x00000000fb700000,0x00000000fc180000)
 ParOldGen       total 175104K, used 62125K [0x00000000c0000000, 0x00000000cab00000, 0x00000000eaa80000)
  object space 175104K, 35% used [0x00000000c0000000,0x00000000c3cab7d0,0x00000000cab00000)
 PSPermGen       total 74752K, used 74632K [0x00000000b0000000, 0x00000000b4900000, 0x00000000c0000000)
  object space 74752K, 99% used [0x00000000b0000000,0x00000000b48e2288,0x00000000b4900000)
Event: 30,308 GC heap after
Heap after GC invocations=4 (full 0):
 PSYoungGen      total 274944K, used 10736K [0x00000000eaa80000, 0x00000000fc180000, 0x0000000100000000)
  eden space 264192K, 0% used [0x00000000eaa80000,0x00000000eaa80000,0x00000000fac80000)
  from space 10752K, 99% used [0x00000000fb700000,0x00000000fc17c3b8,0x00000000fc180000)
  to   space 10752K, 0% used [0x00000000fac80000,0x00000000fac80000,0x00000000fb700000)
 ParOldGen       total 175104K, used 99414K [0x00000000c0000000, 0x00000000cab00000, 0x00000000eaa80000)
  object space 175104K, 56% used [0x00000000c0000000,0x00000000c6115a80,0x00000000cab00000)
 PSPermGen       total 74752K, used 74632K [0x00000000b0000000, 0x00000000b4900000, 0x00000000c0000000)
  object space 74752K, 99% used [0x00000000b0000000,0x00000000b48e2288,0x00000000b4900000)
}

