# JRE version: OpenJDK Runtime Environment (7.0_79-b14) (build 1.7.0_79-b14)
# Java VM: OpenJDK 64-Bit Server VM (24.79-b02 mixed mode linux-amd64 compressed oops)
Heap
 PSYoungGen      total 330240K, used 35649K [0x00000000eaa80000, 0x0000000100000000, 0x0000000100000000)
  eden space 321024K, 11% used [0x00000000eaa80000,0x00000000ecd50690,0x00000000fe400000)
  from space 9216K, 0% used [0x00000000fe400000,0x00000000fe400000,0x00000000fed00000)
  to   space 15360K, 0% used [0x00000000ff100000,0x00000000ff100000,0x0000000100000000)
 ParOldGen       total 175104K, used 56266K [0x00000000c0000000, 0x00000000cab00000, 0x00000000eaa80000)
  object space 175104K, 32% used [0x00000000c0000000,0x00000000c36f2bc0,0x00000000cab00000)
 PSPermGen       total 93184K, used 92919K [0x00000000b0000000, 0x00000000b5b00000, 0x00000000c0000000)
  object space 93184K, 99% used [0x00000000b0000000,0x00000000b5abddb8,0x00000000b5b00000)
GC Heap History (10 events):
Event: 4183,328 GC heap before
{Heap before GC invocations=154 (full 65):
 PSYoungGen      total 333312K, used 8884K [0x00000000eaa80000, 0x0000000100000000, 0x0000000100000000)
  eden space 324096K, 0% used [0x00000000eaa80000,0x00000000eaa80000,0x00000000fe700000)
  from space 9216K, 96% used [0x00000000fe700000,0x00000000fefad118,0x00000000ff000000)
  to   space 13824K, 0% used [0x00000000ff280000,0x00000000ff280000,0x0000000100000000)
 ParOldGen       total 175104K, used 55116K [0x00000000c0000000, 0x00000000cab00000, 0x00000000eaa80000)
  object space 175104K, 31% used [0x00000000c0000000,0x00000000c35d3330,0x00000000cab00000)
 PSPermGen       total 91136K, used 91062K [0x00000000b0000000, 0x00000000b5900000, 0x00000000c0000000)
  object space 91136K, 99% used [0x00000000b0000000,0x00000000b58ed928,0x00000000b5900000)
Event: 4183,857 GC heap after
Heap after GC invocations=154 (full 65):
 PSYoungGen      total 333312K, used 0K [0x00000000eaa80000, 0x0000000100000000, 0x0000000100000000)
  eden space 324096K, 0% used [0x00000000eaa80000,0x00000000eaa80000,0x00000000fe700000)
  from space 9216K, 0% used [0x00000000fe700000,0x00000000fe700000,0x00000000ff000000)
  to   space 13824K, 0% used [0x00000000ff280000,0x00000000ff280000,0x0000000100000000)
 ParOldGen       total 175104K, used 55829K [0x00000000c0000000, 0x00000000cab00000, 0x00000000eaa80000)
  object space 175104K, 31% used [0x00000000c0000000,0x00000000c3685738,0x00000000cab00000)
 PSPermGen       total 91136K, used 91061K [0x00000000b0000000, 0x00000000b5900000, 0x00000000c0000000)
  object space 91136K, 99% used [0x00000000b0000000,0x00000000b58ed708,0x00000000b5900000)
}
Event: 4243,290 GC heap before
{Heap before GC invocations=155 (full 65):
 PSYoungGen      total 333312K, used 260414K [0x00000000eaa80000, 0x0000000100000000, 0x0000000100000000)
  eden space 324096K, 80% used [0x00000000eaa80000,0x00000000fa8cf8d0,0x00000000fe700000)
  from space 9216K, 0% used [0x00000000fe700000,0x00000000fe700000,0x00000000ff000000)
  to   space 13824K, 0% used [0x00000000ff280000,0x00000000ff280000,0x0000000100000000)
 ParOldGen       total 175104K, used 55829K [0x00000000c0000000, 0x00000000cab00000, 0x00000000eaa80000)
  object space 175104K, 31% used [0x00000000c0000000,0x00000000c3685738,0x00000000cab00000)
 PSPermGen       total 91136K, used 91069K [0x00000000b0000000, 0x00000000b5900000, 0x00000000c0000000)
  object space 91136K, 99% used [0x00000000b0000000,0x00000000b58ef7a0,0x00000000b5900000)
Event: 4243,346 GC heap after
Heap after GC invocations=155 (full 65):
 PSYoungGen      total 334848K, used 8246K [0x00000000eaa80000, 0x0000000100000000, 0x0000000100000000)
  eden space 321024K, 0% used [0x00000000eaa80000,0x00000000eaa80000,0x00000000fe400000)
  from space 13824K, 59% used [0x00000000ff280000,0x00000000ffa8dbb8,0x0000000100000000)
  to   space 14336K, 0% used [0x00000000fe400000,0x00000000fe400000,0x00000000ff200000)
 ParOldGen       total 175104K, used 55829K [0x00000000c0000000, 0x00000000cab00000, 0x00000000eaa80000)
  object space 175104K, 31% used [0x00000000c0000000,0x00000000c3685738,0x00000000cab00000)
 PSPermGen       total 91136K, used 91069K [0x00000000b0000000, 0x00000000b5900000, 0x00000000c0000000)
  object space 91136K, 99% used [0x00000000b0000000,0x00000000b58ef7a0,0x00000000b5900000)
}
Event: 4243,346 GC heap before
{Heap before GC invocations=156 (full 66):
 PSYoungGen      total 334848K, used 8246K [0x00000000eaa80000, 0x0000000100000000, 0x0000000100000000)
  eden space 321024K, 0% used [0x00000000eaa80000,0x00000000eaa80000,0x00000000fe400000)
  from space 13824K, 59% used [0x00000000ff280000,0x00000000ffa8dbb8,0x0000000100000000)
  to   space 14336K, 0% used [0x00000000fe400000,0x00000000fe400000,0x00000000ff200000)
 ParOldGen       total 175104K, used 55829K [0x00000000c0000000, 0x00000000cab00000, 0x00000000eaa80000)
  object space 175104K, 31% used [0x00000000c0000000,0x00000000c3685738,0x00000000cab00000)
 PSPermGen       total 91136K, used 91069K [0x00000000b0000000, 0x00000000b5900000, 0x00000000c0000000)
  object space 91136K, 99% used [0x00000000b0000000,0x00000000b58ef7a0,0x00000000b5900000)
Event: 4243,700 GC heap after
Heap after GC invocations=156 (full 66):
 PSYoungGen      total 334848K, used 0K [0x00000000eaa80000, 0x0000000100000000, 0x0000000100000000)
  eden space 321024K, 0% used [0x00000000eaa80000,0x00000000eaa80000,0x00000000fe400000)
  from space 13824K, 0% used [0x00000000ff280000,0x00000000ff280000,0x0000000100000000)
  to   space 14336K, 0% used [0x00000000fe400000,0x00000000fe400000,0x00000000ff200000)
 ParOldGen       total 175104K, used 55788K [0x00000000c0000000, 0x00000000cab00000, 0x00000000eaa80000)
  object space 175104K, 31% used [0x00000000c0000000,0x00000000c367b338,0x00000000cab00000)
 PSPermGen       total 91136K, used 91069K [0x00000000b0000000, 0x00000000b5900000, 0x00000000c0000000)
  object space 91136K, 99% used [0x00000000b0000000,0x00000000b58ef640,0x00000000b5900000)
}
Event: 4303,293 GC heap before
{Heap before GC invocations=157 (full 66):
 PSYoungGen      total 334848K, used 276908K [0x00000000eaa80000, 0x0000000100000000, 0x0000000100000000)
  eden space 321024K, 86% used [0x00000000eaa80000,0x00000000fb8eb228,0x00000000fe400000)
  from space 13824K, 0% used [0x00000000ff280000,0x00000000ff280000,0x0000000100000000)
  to   space 14336K, 0% used [0x00000000fe400000,0x00000000fe400000,0x00000000ff200000)
 ParOldGen       total 175104K, used 55788K [0x00000000c0000000, 0x00000000cab00000, 0x00000000eaa80000)
  object space 175104K, 31% used [0x00000000c0000000,0x00000000c367b338,0x00000000cab00000)
 PSPermGen       total 91648K, used 91372K [0x00000000b0000000, 0x00000000b5980000, 0x00000000c0000000)
  object space 91648K, 99% used [0x00000000b0000000,0x00000000b593b0b0,0x00000000b5980000)
Event: 4303,331 GC heap after
Heap after GC invocations=157 (full 66):
 PSYoungGen      total 330240K, used 8858K [0x00000000eaa80000, 0x0000000100000000, 0x0000000100000000)
  eden space 321024K, 0% used [0x00000000eaa80000,0x00000000eaa80000,0x00000000fe400000)
  from space 9216K, 96% used [0x00000000fe400000,0x00000000feca6850,0x00000000fed00000)
  to   space 15360K, 0% used [0x00000000ff100000,0x00000000ff100000,0x0000000100000000)
 ParOldGen       total 175104K, used 55788K [0x00000000c0000000, 0x00000000cab00000, 0x00000000eaa80000)
  object space 175104K, 31% used [0x00000000c0000000,0x00000000c367b338,0x00000000cab00000)
 PSPermGen       total 91648K, used 91372K [0x00000000b0000000, 0x00000000b5980000, 0x00000000c0000000)
  object space 91648K, 99% used [0x00000000b0000000,0x00000000b593b0b0,0x00000000b5980000)
}
Event: 4303,331 GC heap before
{Heap before GC invocations=158 (full 67):
 PSYoungGen      total 330240K, used 8858K [0x00000000eaa80000, 0x0000000100000000, 0x0000000100000000)
  eden space 321024K, 0% used [0x00000000eaa80000,0x00000000eaa80000,0x00000000fe400000)
  from space 9216K, 96% used [0x00000000fe400000,0x00000000feca6850,0x00000000fed00000)
  to   space 15360K, 0% used [0x00000000ff100000,0x00000000ff100000,0x0000000100000000)
 ParOldGen       total 175104K, used 55788K [0x00000000c0000000, 0x00000000cab00000, 0x00000000eaa80000)
  object space 175104K, 31% used [0x00000000c0000000,0x00000000c367b338,0x00000000cab00000)
 PSPermGen       total 91648K, used 91372K [0x00000000b0000000, 0x00000000b5980000, 0x00000000c0000000)
  object space 91648K, 99% used [0x00000000b0000000,0x00000000b593b0b0,0x00000000b5980000)
Event: 4303,823 GC heap after
Heap after GC invocations=158 (full 67):
 PSYoungGen      total 330240K, used 0K [0x00000000eaa80000, 0x0000000100000000, 0x0000000100000000)
  eden space 321024K, 0% used [0x00000000eaa80000,0x00000000eaa80000,0x00000000fe400000)
  from space 9216K, 0% used [0x00000000fe400000,0x00000000fe400000,0x00000000fed00000)
  to   space 15360K, 0% used [0x00000000ff100000,0x00000000ff100000,0x0000000100000000)
 ParOldGen       total 175104K, used 56266K [0x00000000c0000000, 0x00000000cab00000, 0x00000000eaa80000)
  object space 175104K, 32% used [0x00000000c0000000,0x00000000c36f2bc0,0x00000000cab00000)
 PSPermGen       total 91648K, used 91371K [0x00000000b0000000, 0x00000000b5980000, 0x00000000c0000000)
  object space 91648K, 99% used [0x00000000b0000000,0x00000000b593ad08,0x00000000b5980000)
}

